<?xml version="1.0" encoding="UTF-8"?>
<!-- Generated by org.testng.reporters.JUnitReportReporter -->
<testsuite skipped="0" hostname="DESKTOP-AO0U1EL" name="pe.com.Mapfre.Test.LoginTestNG" tests="1" failures="0" timestamp="2020-10-24T14:23:56 COT" time="46.545" errors="0">
  <testcase name="Login" time="46.545" classname="pe.com.Mapfre.Test.LoginTestNG"/>
  <system-out/>
</testsuite> <!-- pe.com.Mapfre.Test.LoginTestNG -->
